2025-02-05 21:04:06,742 - INFO - file_cache is only supported with oauth2client<4.0.0
2025-02-05 21:04:06,849 - INFO - Starting channel analysis for country: US
2025-02-05 21:04:11,759 - INFO - Found 399 initial channels to analyze
2025-02-05 21:04:13,195 - INFO - Found channel: Smithsonian Channel with 4220000 subscribers
2025-02-05 21:04:13,780 - INFO - Found channel: Kurtis Korner with 398000 subscribers
2025-02-05 21:04:14,703 - INFO - Found channel: IJustWantToBeCool GAMING with 202000 subscribers
2025-02-05 21:04:15,752 - INFO - Found channel: RadioJH Games with 1100000 subscribers
2025-02-05 21:04:17,655 - WARNING - No information found for channel UCqeVioxDiiXBvuyg9L064qQ
2025-02-05 21:04:18,535 - INFO - Found channel: MOB-X Game with 88200 subscribers
2025-02-05 21:04:18,676 - WARNING - No information found for channel UC7tHCWS0u9RbYQwi4c4qfxA
2025-02-05 21:04:19,769 - INFO - Found channel: Aashish Gade Entertainment with 164000 subscribers
2025-02-05 21:04:20,083 - WARNING - No information found for channel UCZifhrHuSJsA77NnQNOcEZw
2025-02-05 21:04:21,190 - INFO - Found channel: Sydney Trains Vlogs with 33900 subscribers
2025-02-05 21:04:21,955 - INFO - Found channel: J House Vlogs with 3410000 subscribers
2025-02-05 21:04:23,236 - INFO - Found channel: SECURITY REAL VERIFIED  with 77000 subscribers
2025-02-05 21:04:31,545 - INFO - Found channel: Marvel Entertainment with 21200000 subscribers
2025-02-05 21:04:32,382 - INFO - Found channel: Gaurav Kapoor Vlogs with 419000 subscribers
2025-02-05 21:04:33,456 - INFO - Found channel: Lewis Family Vlog with 17300 subscribers
2025-02-05 21:04:34,213 - INFO - Found channel: Zoe Sugg with 5010000 subscribers
2025-02-05 21:04:34,371 - WARNING - No information found for channel UC-uBUYVFEGPXwAjwuGmlq_A
2025-02-05 21:04:34,817 - WARNING - No information found for channel UCbmR6dIuQDACd3pnXMLsNew
2025-02-05 21:04:35,560 - WARNING - No information found for channel UCAiGPuZciIFv2EiKdn7_v-Q
2025-02-05 21:04:36,496 - INFO - Found channel: NEWS - Topic with 5870 subscribers
2025-02-05 21:04:37,743 - INFO - Found channel: Queen Official with 18100000 subscribers
2025-02-05 21:04:38,956 - INFO - Found channel: Polly Games I A&A I with 378000 subscribers
2025-02-05 21:04:40,096 - INFO - Found channel: KUY Entertainment  with 3370000 subscribers
2025-02-05 21:04:40,902 - INFO - Found channel: CHANDAN CHANCHAL ENTERTAINMENT with 1200000 subscribers
2025-02-05 21:04:41,553 - INFO - Found channel: Fudgy Games with 142000 subscribers
2025-02-05 21:04:42,559 - INFO - Found channel: Swan Gaming with 718000 subscribers
2025-02-05 21:04:43,786 - INFO - Found channel: The Frustrated Gamer with 3180000 subscribers
2025-02-05 21:04:44,369 - INFO - Found channel: Aqua Entertainment with 1010000 subscribers
2025-02-05 21:04:45,155 - INFO - Found channel: Sapro Gaming with 385000 subscribers
2025-02-05 21:04:46,082 - INFO - Found channel: LB VLOG’S with 12800 subscribers
2025-02-05 21:04:47,468 - INFO - Found channel: Wochit Entertainment with 183000 subscribers
2025-02-05 21:04:48,185 - INFO - Found channel: Navrit Gaming with 861000 subscribers
2025-02-05 21:04:49,125 - INFO - Found channel: LUIZ CAMARGO vlog with 685000 subscribers
2025-02-05 21:04:50,235 - INFO - Found channel: FUTURE MUSIC ENTERTAINMENT with 199000 subscribers
2025-02-05 21:04:50,976 - INFO - Found channel: Judika Entertainment  with 4410000 subscribers
2025-02-05 21:04:51,656 - INFO - Found channel: Naw Naw Burmese Vlog with 66400 subscribers
2025-02-05 21:04:52,796 - INFO - Found channel: Rókaland Vlog with 25000 subscribers
2025-02-05 21:04:55,065 - INFO - Found channel: Microsoft with 1840000 subscribers
2025-02-05 21:04:57,792 - INFO - Found channel: Silvio Gamer with 9360000 subscribers
2025-02-05 21:04:58,443 - INFO - Found channel: Mariana Nolasco VLOG with 1300000 subscribers
2025-02-05 21:04:59,159 - INFO - Found channel: Raging Raccoon Gaming with 117000 subscribers
2025-02-05 21:04:59,791 - INFO - Found channel: CORIDEL ENTERTAINMENT with 353000 subscribers
2025-02-05 21:05:00,449 - INFO - Found channel: Verified Islam with 6250 subscribers
2025-02-05 21:05:01,141 - INFO - Found channel: MAZOS MOVIES AND ENTERTAINMENT  with 321000 subscribers
2025-02-05 21:05:01,455 - WARNING - No information found for channel UCjY4590HtddZ-2Oh2rydcHA
2025-02-05 21:05:02,131 - INFO - Found channel: Caiti Mackenzie Vlogs with 170000 subscribers
2025-02-05 21:05:03,072 - INFO - Found channel: Qiam Entertainment with 280000 subscribers
2025-02-05 21:05:03,240 - WARNING - No information found for channel UCPMMabuBAAi1B4TFY4JgAOQ
2025-02-05 21:05:03,901 - INFO - Found channel: AJ Gaming with 798000 subscribers
2025-02-05 21:05:04,043 - WARNING - No information found for channel UCqQvu1lW0aBt1KHLVrWIcRg
2025-02-05 21:05:04,204 - WARNING - No information found for channel UCFKBHy3M5nzQK-cLzeMbQmw
2025-02-05 21:05:05,132 - INFO - Found channel: OST BOYS with 796000 subscribers
2025-02-05 21:05:05,977 - INFO - Found channel: Sam O'Nella Vlog with 525000 subscribers
2025-02-05 21:05:09,609 - INFO - Found channel: PlayStation with 16000000 subscribers
2025-02-05 21:05:10,517 - INFO - Found channel: MrBeast Gaming Brasil with 1670000 subscribers
2025-02-05 21:05:13,081 - INFO - Found channel: The Craft Beer Channel with 166000 subscribers
2025-02-05 21:05:14,139 - INFO - Found channel: Hats Off Entertainment with 225000 subscribers
2025-02-05 21:05:15,264 - WARNING - No information found for channel UCCkKqOA_QyIZ6H9MoYZDCew
2025-02-05 21:05:16,013 - INFO - Found channel: Burning-Gamers.de with 137000 subscribers
2025-02-05 21:05:16,742 - INFO - Found channel: miiiii's vlog with 44000 subscribers
2025-02-05 21:05:16,890 - WARNING - No information found for channel UCkpGn9bCKMBRrQVUV8P-NLA
2025-02-05 21:05:18,004 - INFO - Found channel: The Spartan Vlog with 424000 subscribers
2025-02-05 21:05:18,493 - WARNING - No information found for channel UCrjJMnEvOUqgqgc37NNUWkw
2025-02-05 21:05:19,531 - INFO - Found channel: Mo Vlogs with 11500000 subscribers
2025-02-05 21:05:20,267 - INFO - Found channel: AG Vlog's with 1600000 subscribers
2025-02-05 21:05:20,962 - INFO - Found channel: Cinemassacre with 3890000 subscribers
2025-02-05 21:05:21,724 - INFO - Found channel: Zarckaroo Gaming with 377000 subscribers
2025-02-05 21:05:24,376 - INFO - Found channel: Xbox with 5560000 subscribers
2025-02-05 21:05:25,677 - INFO - Found channel: Mutch Games with 142000 subscribers
2025-02-05 21:05:26,121 - WARNING - No information found for channel UCCHkZ7b-IlEFK6Nspto2deg
2025-02-05 21:05:28,468 - INFO - Found channel: Aaj Entertainment with 547000 subscribers
2025-02-05 21:05:29,574 - INFO - Found channel: Bellular Warcraft with 646000 subscribers
2025-02-05 21:05:29,717 - WARNING - No information found for channel UC4-FcD-RzINmBc-8tr7bkLg
2025-02-05 21:05:30,590 - INFO - Found channel: Producer Entertainment Group/PEG with 28200 subscribers
2025-02-05 21:05:31,949 - WARNING - No information found for channel UCukJfkHVCI0ruw7_AfVZz5w
2025-02-05 21:05:32,695 - INFO - Found channel: surreal entertainment with 2010000 subscribers
2025-02-05 21:05:35,264 - INFO - Found channel: Entertainment Weekly with 707000 subscribers
2025-02-05 21:05:35,852 - INFO - Found channel: Nintendo of America with 9780000 subscribers
2025-02-05 21:05:36,772 - INFO - Found channel: B&B Entertainment Media  with 6050 subscribers
2025-02-05 21:05:37,595 - INFO - Found channel: GeekHeroes Official with 128000 subscribers
2025-02-05 21:05:38,640 - INFO - Found channel: Kronten Gaming with 2010000 subscribers
2025-02-05 21:05:39,329 - INFO - Found channel: Abundantia Entertainment with 452000 subscribers
2025-02-05 21:05:40,495 - INFO - Found channel: Dungeons & Dragons with 588000 subscribers
2025-02-05 21:05:41,438 - INFO - Found channel: JHOVZ VLOG with 168000 subscribers
2025-02-05 21:05:42,793 - INFO - Found channel: Ubisoft with 3860000 subscribers
2025-02-05 21:05:43,585 - INFO - Found channel: NTN ENTERTAINMENT with 101000 subscribers
2025-02-05 21:05:44,406 - INFO - Found channel: The Gardening Channel With James Prigioni with 1520000 subscribers
2025-02-05 21:05:45,343 - INFO - Found channel: Malik Vlogs with 8070000 subscribers
2025-02-05 21:05:46,264 - INFO - Found channel: Date un Vlog with 4210000 subscribers
2025-02-05 21:05:47,127 - INFO - Found channel: Grown vlog. with 205000 subscribers
2025-02-05 21:05:47,477 - WARNING - No information found for channel UCm_Y2fkEGUUHQgLOsW2nMEw
2025-02-05 21:05:48,120 - INFO - Found channel: Samanta Gamer with 1650000 subscribers
2025-02-05 21:05:49,019 - INFO - Found channel: AkasH OfficiaL  with 6350 subscribers
2025-02-05 21:05:49,979 - INFO - Found channel: Sham Idrees VLOGS with 2490000 subscribers
2025-02-05 21:05:50,854 - INFO - Found channel: Briana and Vincent  Family Vlog with 41400 subscribers
2025-02-05 21:05:51,888 - INFO - Found channel: CarbonFin Gaming with 492000 subscribers
2025-02-05 21:05:55,676 - INFO - Found channel: WorkpointOfficial with 42300000 subscribers
2025-02-05 21:05:57,825 - ERROR - Error getting latest video for UCYfdidRxbB8Qhf0Nx7ioOYw: <HttpError 404 when requesting https://youtube.googleapis.com/youtube/v3/playlistItems?part=snippet&playlistId=UUYfdidRxbB8Qhf0Nx7ioOYw&maxResults=1&key=AIzaSyAg82plUUDEX2BVPHNziiUwsitHI6yzp1c&alt=json returned "The playlist identified with the request's <code>playlistId</code> parameter cannot be found.". Details: "[{'message': "The playlist identified with the request's <code>playlistId</code> parameter cannot be found.", 'domain': 'youtube.playlistItem', 'reason': 'playlistNotFound', 'location': 'playlistId', 'locationType': 'parameter'}]">
2025-02-05 21:05:57,826 - INFO - Found channel: News with 35900000 subscribers
2025-02-05 21:05:58,595 - INFO - Found channel: Rambhai k vlog with 13800 subscribers
2025-02-05 21:05:59,487 - INFO - Found channel: Swell Entertainment with 494000 subscribers
2025-02-05 21:06:00,173 - INFO - Found channel: shfa gaming with 2630000 subscribers
2025-02-05 21:06:02,565 - INFO - Found channel: Entertainment Access with 7790000 subscribers
2025-02-05 21:06:03,345 - INFO - Found channel: Border2Border Entertainment with 302000 subscribers
2025-02-05 21:06:03,781 - WARNING - No information found for channel UCTgER4_4i6AJ6eCMNF65vNA
2025-02-05 21:06:04,405 - ERROR - Error getting latest video for UCFBJOUfo0yIwySrLtUdT63w: <HttpError 404 when requesting https://youtube.googleapis.com/youtube/v3/playlistItems?part=snippet&playlistId=UUFBJOUfo0yIwySrLtUdT63w&maxResults=1&key=AIzaSyAg82plUUDEX2BVPHNziiUwsitHI6yzp1c&alt=json returned "The playlist identified with the request's <code>playlistId</code> parameter cannot be found.". Details: "[{'message': "The playlist identified with the request's <code>playlistId</code> parameter cannot be found.", 'domain': 'youtube.playlistItem', 'reason': 'playlistNotFound', 'location': 'playlistId', 'locationType': 'parameter'}]">
2025-02-05 21:06:04,405 - INFO - Found channel: NRY Entertainment with 7900 subscribers
2025-02-05 21:06:05,155 - INFO - Found channel: Barcode Entertainment with 308000 subscribers
2025-02-05 21:06:05,845 - WARNING - No information found for channel UCW4HfGIVslI7UTPEzFaG3oQ
2025-02-05 21:06:06,500 - INFO - Found channel: Boy Tapang Vlogs with 2340000 subscribers
2025-02-05 21:06:07,325 - INFO - Found channel: Animators VS Games with 1270000 subscribers
2025-02-05 21:06:08,395 - INFO - Found channel: Raushan Rohi Entertainment with 1290000 subscribers
2025-02-05 21:06:09,277 - INFO - Found channel: Top Gamers Academy with 120000 subscribers
2025-02-05 21:06:10,508 - INFO - Found channel: Coachella with 3720000 subscribers
2025-02-05 21:06:11,855 - INFO - Found channel: KUYA BROOKS VLOGS with 151000 subscribers
2025-02-05 21:06:13,017 - INFO - Found channel: Skvala Gaming with 238000 subscribers
2025-02-05 21:06:14,845 - INFO - Found channel: Prank King Entertainment with 8820000 subscribers
2025-02-05 21:06:16,385 - WARNING - No information found for channel UCgsq0Z2QUT3jlxDiyijXvvA
2025-02-05 21:06:17,685 - INFO - Found channel: Crystal Gaming with 267000 subscribers
2025-02-05 21:06:19,255 - INFO - Found channel: CANALPLUS MYANMAR FG with 489000 subscribers
2025-02-05 21:06:19,495 - WARNING - No information found for channel UCHNmd_CLEg2eMGUEMhC021g
2025-02-05 21:06:20,255 - INFO - Found channel: Channel 4 Food with 93600 subscribers
2025-02-05 21:06:23,522 - INFO - Found channel: A Plus Entertainment with 6260000 subscribers
2025-02-05 21:06:25,257 - INFO - Found channel: TVS Entertainment with 90400 subscribers
2025-02-05 21:06:26,322 - INFO - Found channel: ZGOD GAMING with 679000 subscribers
2025-02-05 21:06:26,629 - WARNING - No information found for channel UCiPcDrCONbYoWClL09uhrSA
2025-02-05 21:06:30,734 - INFO - Found channel: Channel 24 Entertainment with 1560000 subscribers
2025-02-05 21:06:31,735 - INFO - Found channel: Photoshop Training Channel with 2130000 subscribers
2025-02-05 21:06:32,649 - INFO - Found channel: Bad Boy Entertainment with 2010000 subscribers
2025-02-05 21:09:29,479 - INFO - file_cache is only supported with oauth2client<4.0.0
2025-02-05 21:09:29,479 - INFO - Starting channel analysis for country: NP
2025-02-05 21:09:30,605 - INFO - Found 50 initial channels to analyze
2025-02-05 21:09:38,725 - WARNING - No channels found matching the criteria
2025-02-05 21:09:52,104 - INFO - file_cache is only supported with oauth2client<4.0.0
2025-02-05 21:09:52,109 - INFO - Starting channel analysis for country: US
2025-02-05 21:09:53,140 - INFO - Found 50 initial channels to analyze
2025-02-05 21:09:53,306 - WARNING - No information found for channel UCGxHGvBGq5hugWIhPMRRyLA
2025-02-05 21:09:53,465 - WARNING - No information found for channel UCOw2o0MG6SOvHUi-xdcerzw
2025-02-05 21:09:53,636 - WARNING - No information found for channel UCm5j52sgchkpEt2IJrHL43A
2025-02-05 21:09:53,798 - WARNING - No information found for channel UCU5Y-9tpdQQAa2QtSDThACw
2025-02-05 21:09:54,291 - WARNING - No information found for channel UCiv3XMKsoUfXJNEQoCSSnig
2025-02-05 21:09:54,735 - WARNING - No information found for channel UCSei55IXxqMds1SaoF6FK_g
2025-02-05 21:09:55,429 - WARNING - No information found for channel UCmtstnuhfQRFmz1lspTEPtA
2025-02-05 21:09:55,737 - WARNING - No information found for channel UCqVuQnt01Ap5hGFm52CHeNw
2025-02-05 21:09:55,898 - WARNING - No information found for channel UCwYeyph_TvaJMCxjp-u1CEg
2025-02-05 21:09:56,215 - WARNING - No information found for channel UChjHSWC_fbcg9NyWa0QDsxg
2025-02-05 21:09:56,359 - WARNING - No information found for channel UC4pIzneklyl3-8hF4kLqg3w
2025-02-05 21:09:56,827 - WARNING - No information found for channel UC-eSJG6uRLeeJcxa9UQf8zQ
2025-02-05 21:09:57,133 - WARNING - No information found for channel UC_GUZc4fLNWbEZyy5e4YqxQ
2025-02-05 21:09:57,277 - WARNING - No information found for channel UCr6Mb2zP2ZLJJeXJx5Whm1g
2025-02-05 21:09:57,587 - WARNING - No information found for channel UC5g5ZAmFW4bHkWSsViAH0kw
2025-02-05 21:09:58,094 - WARNING - No information found for channel UCYcXkZUqUcTatGk1ppS2ZLA
2025-02-05 21:09:58,275 - WARNING - No information found for channel UC_kMxk27iSJPPbMZpXbDGaQ
2025-02-05 21:09:58,595 - WARNING - No information found for channel UCku-NhgLI1oFIyC1psK-whQ
2025-02-05 21:09:58,774 - WARNING - No information found for channel UCqnwUVJeGboIDfsyMjlUz-g
2025-02-05 21:09:59,535 - WARNING - No information found for channel UCx8xZxEXIY0LFxgX6BYgWnw
2025-02-05 21:09:59,685 - WARNING - No information found for channel UCXdAQaHOfo6P7Hr3EHWOHtg
2025-02-05 21:09:59,842 - WARNING - No information found for channel UCdcIer7N8dty2NspxssfdRw
2025-02-05 21:10:00,038 - WARNING - No information found for channel UC8kpjC40g01ZeP69hXfab-A
2025-02-05 21:10:00,245 - WARNING - No information found for channel UCCxtL1lxCjnov3bo3wf-j3w
2025-02-05 21:10:00,601 - WARNING - No information found for channel UC0Z4CfIE5eVI-qN0ERnIgtQ
2025-02-05 21:10:00,979 - WARNING - No information found for channel UC-wyHhkGZWNkK4SvTWa3kuA
2025-02-05 21:10:01,172 - WARNING - No information found for channel UCp1czkGr4pXnXy6vMoLmH8A
2025-02-05 21:10:01,525 - WARNING - No information found for channel UC-4yXWKns_N5eWSr9O60R_Q
2025-02-05 21:10:01,528 - WARNING - No channels found matching the criteria
2025-02-05 21:12:56,359 - INFO - file_cache is only supported with oauth2client<4.0.0
2025-02-05 21:12:56,365 - INFO - Starting channel analysis for country: NP
2025-02-05 21:13:50,312 - WARNING - Encountered 403 Forbidden with reason "quotaExceeded"
2025-02-05 21:13:50,312 - ERROR - Error getting channels from NP: <HttpError 403 when requesting https://youtube.googleapis.com/youtube/v3/search?part=snippet&type=channel&regionCode=NP&maxResults=50&order=viewCount&key=AIzaSyAg82plUUDEX2BVPHNziiUwsitHI6yzp1c&alt=json returned "The request cannot be completed because you have exceeded your <a href="/youtube/v3/getting-started#quota">quota</a>.". Details: "[{'message': 'The request cannot be completed because you have exceeded your <a href="/youtube/v3/getting-started#quota">quota</a>.', 'domain': 'youtube.quota', 'reason': 'quotaExceeded'}]">
2025-02-05 21:13:50,313 - INFO - Successfully saved data to channel_data.json
2025-02-05 21:17:39,815 - INFO - file_cache is only supported with oauth2client<4.0.0
2025-02-05 21:17:39,822 - INFO - Starting channel analysis for country: NP
2025-02-05 21:17:40,689 - WARNING - Encountered 403 Forbidden with reason "quotaExceeded"
2025-02-05 21:17:40,689 - ERROR - Error getting channels from NP: <HttpError 403 when requesting https://youtube.googleapis.com/youtube/v3/search?part=snippet&type=channel&regionCode=NP&maxResults=50&order=viewCount&key=AIzaSyAg82plUUDEX2BVPHNziiUwsitHI6yzp1c&alt=json returned "The request cannot be completed because you have exceeded your <a href="/youtube/v3/getting-started#quota">quota</a>.". Details: "[{'message': 'The request cannot be completed because you have exceeded your <a href="/youtube/v3/getting-started#quota">quota</a>.', 'domain': 'youtube.quota', 'reason': 'quotaExceeded'}]">
2025-02-05 21:17:40,692 - INFO - Successfully saved data to channel_data.json
